Starting Dynare (version 5.4).
Calling Dynare with arguments: none
Starting preprocessing of the model file ...
Found 19 equation(s).
Evaluating expressions...done
Computing static model derivatives (order 1).
Computing dynamic model derivatives (order 1).
Processing outputs ...
done
Preprocessing completed.

[Warning: Some of the parameters have no value (YBAR, IBAR) when using steady. If these parameters are not initialized in a steadystate file or a steady_state_model-block, Dynare may not be able to solve the model. Note that simul,
perfect_foresight_setup, and perfect_foresight_solver do not automatically call the steady state file.] 

STEADY-STATE RESULTS:

log_y                    		 -1.09861
log_i                    		 -4.59512
log_pi                   		 0
log_n                    		 -1.09861
log_w                    		 -0.105361
log_pstar                		 0
log_psi                  		 1.25138
log_phi                  		 1.35674
log_mc                   		 -0.105361
log_r                    		 0.0100503
log_s                    		 0
log_a                    		 0
zeta                     		 0
nu                       		 0
log_atilde               		 0
utility                  		 -154.861
log_average_markup       		 0.105361
log_marginal_markup      		 0.105361
log_price_adjustment_gap 		 0
Total computing time : 0h00m00s
Note: warning(s) encountered in MATLAB/Octave code
