Starting Dynare (version 5.4).
Calling Dynare with arguments: none
Starting preprocessing of the model file ...
Found 19 equation(s).
Evaluating expressions...done
Computing static model derivatives (order 1).
Computing dynamic model derivatives (order 2).
Processing outputs ...
done
Preprocessing completed.

[Warning: dynare_sensitivity: dynare_sensitivity does only support order=1, resetting to order=1.] 
[> In <a href="matlab:matlab.internal.language.introspective.errorDocCallback('dynare_sensitivity', '/Applications/Dynare/5.4/matlab/dynare_sensitivity.m', 88)" style="font-weight:bold">dynare_sensitivity</a> (<a href="matlab: opentoline('/Applications/Dynare/5.4/matlab/dynare_sensitivity.m',88,0)">line 88</a>)
In <a href="matlab:matlab.internal.language.introspective.errorDocCallback('ascari_sbordone_2014_fig11.driver', '/Users/wmutschl/Work/Lehre/Computational-Macroeconomics/progs/replications/Ascari_Sbordone_2014/+ascari_sbordone_2014_fig11/driver.m', 351)" style="font-weight:bold">ascari_sbordone_2014_fig11.driver</a> (<a href="matlab: opentoline('/Users/wmutschl/Work/Lehre/Computational-Macroeconomics/progs/replications/Ascari_Sbordone_2014/+ascari_sbordone_2014_fig11/driver.m',351,0)">line 351</a>)
In <a href="matlab:matlab.internal.language.introspective.errorDocCallback('dynare', '/Applications/Dynare/5.4/matlab/dynare.m', 278)" style="font-weight:bold">dynare</a> (<a href="matlab: opentoline('/Applications/Dynare/5.4/matlab/dynare.m',278,0)">line 278</a>)] 
81.2% of the prior support gives unique saddle-path solution.
 0.0% of the prior support gives explosive dynamics.
18.8% of the prior support gives indeterminacy.




Smirnov statistics in driving unique solution
Parameter            d-stat         p-value
PHI_PI                0.725           0.000
PHI_Y                 0.288           0.000




Smirnov statistics in driving indeterminacy
Parameter            d-stat         p-value
PHI_PI                0.725           0.000
PHI_Y                 0.288           0.000

44.8% of the prior support gives unique saddle-path solution.
 0.0% of the prior support gives explosive dynamics.
55.2% of the prior support gives indeterminacy.




Smirnov statistics in driving unique solution
Parameter            d-stat         p-value
PHI_PI                0.605           0.000
PHI_Y                 0.290           0.000




Smirnov statistics in driving indeterminacy
Parameter            d-stat         p-value
PHI_PI                0.605           0.000
PHI_Y                 0.290           0.000

15.6% of the prior support gives unique saddle-path solution.
 0.0% of the prior support gives explosive dynamics.
84.4% of the prior support gives indeterminacy.




Smirnov statistics in driving unique solution
Parameter            d-stat         p-value
PHI_Y                 0.688           0.000
PHI_PI                0.411           0.000




Smirnov statistics in driving indeterminacy
Parameter            d-stat         p-value
PHI_Y                 0.688           0.000
PHI_PI                0.411           0.000

 6.3% of the prior support gives unique saddle-path solution.
 0.1% of the prior support gives explosive dynamics.
93.6% of the prior support gives indeterminacy.




Smirnov statistics in driving unique solution
Parameter            d-stat         p-value
PHI_Y                 0.793           0.000
PHI_PI                0.403           0.000




Smirnov statistics in driving indeterminacy
Parameter            d-stat         p-value
PHI_Y                 0.793           0.000
PHI_PI                0.394           0.000

 2.1% of the prior support gives unique saddle-path solution.
 0.7% of the prior support gives explosive dynamics.
97.2% of the prior support gives indeterminacy.




Smirnov statistics in driving unique solution
Parameter            d-stat         p-value
PHI_Y                 0.835           0.000
PHI_PI                0.477           0.000

No correlation term with pvalue <1e-05 and |corr. coef.| >0 found for unique Stable Saddle-Path

No correlation term with pvalue <1e-05 and |corr. coef.| >0 found for NO unique Stable Saddle-Path




Smirnov statistics in driving indeterminacy
Parameter            d-stat         p-value
PHI_Y                 0.823           0.000
PHI_PI                0.466           0.000

No correlation term with pvalue <1e-05 and |corr. coef.| >0 found for NO indeterminacy

No correlation term with pvalue <1e-05 and |corr. coef.| >0 found for indeterminacy




Smirnov statistics in driving instability
Parameter            d-stat         p-value
PHI_Y                 0.806           0.000
PHI_PI                0.452           0.000

No correlation term with pvalue <1e-05 and |corr. coef.| >0 found for NO explosive solution

Total computing time : 0h04m22s
Note: warning(s) encountered in MATLAB/Octave code
