Starting Dynare (version 5.4).
Calling Dynare with arguments: none
Starting preprocessing of the model file ...
Found 19 equation(s).
Evaluating expressions...done
Computing static model derivatives (order 1).
Computing dynamic model derivatives (order 2).
Processing outputs ...
done
Preprocessing completed.

[Warning: Some of the parameters have no value (YBAR, IBAR) when using steady. If these parameters are not initialized in a steadystate file or a steady_state_model-block, Dynare may not be able to solve the model. Note that simul,
perfect_foresight_setup, and perfect_foresight_solver do not automatically call the steady state file.] 

STEADY-STATE RESULTS:

log_y                    		 -1.09861
log_i                    		 -4.59512
log_pi                   		 0
log_n                    		 -1.09861
log_w                    		 -0.105361
log_pstar                		 0
log_psi                  		 1.25138
log_phi                  		 1.35674
log_mc                   		 -0.105361
log_r                    		 0.0100503
log_s                    		 0
log_a                    		 0
zeta                     		 0
nu                       		 0
log_atilde               		 0
utility                  		 -154.861
log_average_markup       		 0.105361
log_marginal_markup      		 0.105361
log_price_adjustment_gap 		 0

STEADY-STATE RESULTS:

log_y                    		 -1.09863
log_i                    		 -4.47754
log_pi                   		 0.00124689
log_n                    		 -1.09853
log_w                    		 -0.105301
log_pstar                		 0.00382688
log_psi                  		 1.28828
log_phi                  		 1.38982
log_mc                   		 -0.105301
log_r                    		 0.0100503
log_s                    		 9.869e-05
log_a                    		 0
zeta                     		 0
nu                       		 0
log_atilde               		 -9.869e-05
utility                  		 -154.87
log_average_markup       		 0.105301
log_marginal_markup      		 0.109128
log_price_adjustment_gap 		 -0.00382688

STEADY-STATE RESULTS:

log_y                    		 -1.09886
log_i                    		 -4.37272
log_pi                   		 0.00248758
log_n                    		 -1.09844
log_w                    		 -0.105434
log_pstar                		 0.00781545
log_psi                  		 1.3267
log_phi                  		 1.42425
log_mc                   		 -0.105434
log_r                    		 0.0100503
log_s                    		 0.000416382
log_a                    		 0
zeta                     		 0
nu                       		 0
log_atilde               		 -0.000416382
utility                  		 -154.901
log_average_markup       		 0.105434
log_marginal_markup      		 0.113249
log_price_adjustment_gap 		 -0.00781545

STEADY-STATE RESULTS:

log_y                    		 -1.09932
log_i                    		 -4.27819
log_pi                   		 0.00372215
log_n                    		 -1.09833
log_w                    		 -0.105789
log_pstar                		 0.0119787
log_psi                  		 1.36675
log_phi                  		 1.46013
log_mc                   		 -0.105789
log_r                    		 0.0100503
log_s                    		 0.000990284
log_a                    		 0
zeta                     		 0
nu                       		 0
log_atilde               		 -0.000990284
utility                  		 -154.957
log_average_markup       		 0.105789
log_marginal_markup      		 0.117768
log_price_adjustment_gap 		 -0.0119787

STEADY-STATE RESULTS:

log_y                    		 -1.10007
log_i                    		 -4.19213
log_pi                   		 0.00495066
log_n                    		 -1.0982
log_w                    		 -0.106405
log_pstar                		 0.0163313
log_psi                  		 1.40856
log_phi                  		 1.49759
log_mc                   		 -0.106405
log_r                    		 0.0100503
log_s                    		 0.00186522
log_a                    		 0
zeta                     		 0
nu                       		 0
log_atilde               		 -0.00186522
utility                  		 -155.044
log_average_markup       		 0.106405
log_marginal_markup      		 0.122736
log_price_adjustment_gap 		 -0.0163313

STEADY-STATE RESULTS:

log_y                    		 -1.10114
log_i                    		 -4.11317
log_pi                   		 0.00617315
log_n                    		 -1.09805
log_w                    		 -0.107328
log_pstar                		 0.0208898
log_psi                  		 1.45227
log_phi                  		 1.53674
log_mc                   		 -0.107328
log_r                    		 0.0100503
log_s                    		 0.00309559
log_a                    		 0
zeta                     		 0
nu                       		 0
log_atilde               		 -0.00309559
utility                  		 -155.165
log_average_markup       		 0.107328
log_marginal_markup      		 0.128218
log_price_adjustment_gap 		 -0.0208898

STEADY-STATE RESULTS:

log_y                    		 -1.10261
log_i                    		 -4.04025
log_pi                   		 0.0073897
log_n                    		 -1.09786
log_w                    		 -0.108613
log_pstar                		 0.0256731
log_psi                  		 1.49806
log_phi                  		 1.57775
log_mc                   		 -0.108613
log_r                    		 0.0100503
log_s                    		 0.00474794
log_a                    		 0
zeta                     		 0
nu                       		 0
log_atilde               		 -0.00474794
utility                  		 -155.329
log_average_markup       		 0.108613
log_marginal_markup      		 0.134286
log_price_adjustment_gap 		 -0.0256731

STEADY-STATE RESULTS:

log_y                    		 -1.10455
log_i                    		 -3.97253
log_pi                   		 0.00860036
log_n                    		 -1.09764
log_w                    		 -0.110329
log_pstar                		 0.0307027
log_psi                  		 1.54612
log_phi                  		 1.62078
log_mc                   		 -0.110329
log_r                    		 0.0100503
log_s                    		 0.00690436
log_a                    		 0
zeta                     		 0
nu                       		 0
log_atilde               		 -0.00690436
utility                  		 -155.542
log_average_markup       		 0.110329
log_marginal_markup      		 0.141031
log_price_adjustment_gap 		 -0.0307027

STEADY-STATE RESULTS:

log_y                    		 -1.10704
log_i                    		 -3.90933
log_pi                   		 0.00980518
log_n                    		 -1.09738
log_w                    		 -0.112558
log_pstar                		 0.0360035
log_psi                  		 1.59666
log_phi                  		 1.66601
log_mc                   		 -0.112558
log_r                    		 0.0100503
log_s                    		 0.00966718
log_a                    		 0
zeta                     		 0
nu                       		 0
log_atilde               		 -0.00966718
utility                  		 -155.816
log_average_markup       		 0.112558
log_marginal_markup      		 0.148562
log_price_adjustment_gap 		 -0.0360035

STEADY-STATE RESULTS:

log_y                    		 -1.11022
log_i                    		 -3.85009
log_pi                   		 0.0110042
log_n                    		 -1.09705
log_w                    		 -0.115407
log_pstar                		 0.0416043
log_psi                  		 1.64993
log_phi                  		 1.71369
log_mc                   		 -0.115407
log_r                    		 0.0100503
log_s                    		 0.0131653
log_a                    		 0
zeta                     		 0
nu                       		 0
log_atilde               		 -0.0131653
utility                  		 -156.162
log_average_markup       		 0.115407
log_marginal_markup      		 0.157011
log_price_adjustment_gap 		 -0.0416043

STEADY-STATE RESULTS:

log_y                    		 -1.11422
log_i                    		 -3.79436
log_pi                   		 0.0121975
log_n                    		 -1.09665
log_w                    		 -0.119005
log_pstar                		 0.0475388
log_psi                  		 1.70624
log_phi                  		 1.76406
log_mc                   		 -0.119005
log_r                    		 0.0100503
log_s                    		 0.017563
log_a                    		 0
zeta                     		 0
nu                       		 0
log_atilde               		 -0.017563
utility                  		 -156.598
log_average_markup       		 0.119005
log_marginal_markup      		 0.166544
log_price_adjustment_gap 		 -0.0475388

STEADY-STATE RESULTS:

log_y                    		 -1.11923
log_i                    		 -3.74176
log_pi                   		 0.0133852
log_n                    		 -1.09616
log_w                    		 -0.123523
log_pstar                		 0.0538468
log_psi                  		 1.76592
log_phi                  		 1.81743
log_mc                   		 -0.123523
log_r                    		 0.0100503
log_s                    		 0.0230729
log_a                    		 0
zeta                     		 0
nu                       		 0
log_atilde               		 -0.0230729
utility                  		 -157.145
log_average_markup       		 0.123523
log_marginal_markup      		 0.17737
log_price_adjustment_gap 		 -0.0538468

STEADY-STATE RESULTS:

log_y                    		 -1.12551
log_i                    		 -3.69196
log_pi                   		 0.0145672
log_n                    		 -1.09553
log_w                    		 -0.129179
log_pstar                		 0.0605756
log_psi                  		 1.82937
log_phi                  		 1.87415
log_mc                   		 -0.129179
log_r                    		 0.0100503
log_s                    		 0.029974
log_a                    		 0
zeta                     		 0
nu                       		 0
log_atilde               		 -0.029974
utility                  		 -157.829
log_average_markup       		 0.129179
log_marginal_markup      		 0.189754
log_price_adjustment_gap 		 -0.0605756

STEADY-STATE RESULTS:

log_y                    		 -1.13338
log_i                    		 -3.64469
log_pi                   		 0.0157437
log_n                    		 -1.09474
log_w                    		 -0.136257
log_pstar                		 0.067782
log_psi                  		 1.89708
log_phi                  		 1.93465
log_mc                   		 -0.136257
log_r                    		 0.0100503
log_s                    		 0.0386392
log_a                    		 0
zeta                     		 0
nu                       		 0
log_atilde               		 -0.0386392
utility                  		 -158.688
log_average_markup       		 0.136257
log_marginal_markup      		 0.204039
log_price_adjustment_gap 		 -0.067782

STEADY-STATE RESULTS:

log_y                    		 -1.14329
log_i                    		 -3.5997
log_pi                   		 0.0169147
log_n                    		 -1.09372
log_w                    		 -0.145144
log_pstar                		 0.0755354
log_psi                  		 1.96962
log_phi                  		 1.99944
log_mc                   		 -0.145144
log_r                    		 0.0100503
log_s                    		 0.0495776
log_a                    		 0
zeta                     		 0
nu                       		 0
log_atilde               		 -0.0495776
utility                  		 -159.772
log_average_markup       		 0.145144
log_marginal_markup      		 0.220679
log_price_adjustment_gap 		 -0.0755354

STEADY-STATE RESULTS:

log_y                    		 -1.15586
log_i                    		 -3.5568
log_pi                   		 0.0180802
log_n                    		 -1.09236
log_w                    		 -0.156363
log_pstar                		 0.0839214
log_psi                  		 2.04771
log_phi                  		 2.06915
log_mc                   		 -0.156363
log_r                    		 0.0100503
log_s                    		 0.0635009
log_a                    		 0
zeta                     		 0
nu                       		 0
log_atilde               		 -0.0635009
utility                  		 -161.152
log_average_markup       		 0.156363
log_marginal_markup      		 0.240284
log_price_adjustment_gap 		 -0.0839214

STEADY-STATE RESULTS:

log_y                    		 -1.17197
log_i                    		 -3.51581
log_pi                   		 0.0192403
log_n                    		 -1.09054
log_w                    		 -0.170649
log_pstar                		 0.0930475
log_psi                  		 2.13221
log_phi                  		 2.14453
log_mc                   		 -0.170649
log_r                    		 0.0100503
log_s                    		 0.0814333
log_a                    		 0
zeta                     		 0
nu                       		 0
log_atilde               		 -0.0814333
utility                  		 -162.93
log_average_markup       		 0.170649
log_marginal_markup      		 0.263697
log_price_adjustment_gap 		 -0.0930475
Total computing time : 0h00m00s
Note: warning(s) encountered in MATLAB/Octave code
