Starting Dynare (version 5.4).
Calling Dynare with arguments: none
Starting preprocessing of the model file ...
Reading ann_dio_2015_calib_environmental_policy.inc.
Found 28 equation(s).
Evaluating expressions...done
Computing static model derivatives (order 1).
Computing dynamic model derivatives (order 1).
Processing outputs ...
done
Preprocessing completed.


STEADY-STATE RESULTS:

a       		 1.24801
c       		 0.532052
ca_y    		 0.0014825
dp      		 1
g       		 0.0794823
iv      		 0.146526
k       		 5.86106
l       		 0.197425
m       		 766.656
mc      		 0.833333
pstar   		 1
pz      		 0.0512065
rnom    		 1.0101
rk      		 0.035101
t       		 0.0651398
u       		 0.180142
w       		 2.08413
x       		 4.5049
y       		 0.759186
z       		 0.280091
eta     		 1
Gamma_m 		 0.00488866
Theta   		 5.54137
pie     		 1
Psi     		 0.812959
Omega   		 0.112902
q       		 1
welf    		 -101.769

MODEL SUMMARY

  Number of variables:         28
  Number of stochastic shocks: 3
  Number of state variables:   6
  Number of jumpers:           9
  Number of static variables:  13


MATRIX OF COVARIANCE OF EXOGENOUS SHOCKS
Variables       eps_a     eps_g   eps_eta
eps_a        1.000000  0.000000  0.000000
eps_g        0.000000  1.000000  0.000000
eps_eta      0.000000  0.000000  0.000000

POLICY AND TRANSITION FUNCTIONS
                                   y               c              iv               l              mc               z               u              pz
Constant                    0.759186        0.532052        0.146526        0.197425        0.833333        0.280091        0.180142        0.051207
a(-1)                       0.719616        0.217619        0.500930        0.055279        0.017191        0.265492               0               0
dp(-1)                     -0.841949       -0.113094       -0.739208       -0.106319       -0.030752       -0.310625        0.614893        0.314617
g(-1)                       0.355128       -0.497177       -0.118222        0.138526        0.000897        0.131019               0               0
k(-1)                       0.028815        0.049652       -0.020880       -0.005602       -0.001126        0.010631               0               0
m(-1)                      -0.000013       -0.000007       -0.000006               0               0       -0.000005               0               0
eta(-1)                    -0.185199       -0.014134       -0.170790       -0.072241       -0.418233       -0.068327               0               0
eps_a                       0.945354        0.285885        0.658067        0.072620        0.022584        0.348775               0               0
eps_g                       0.029099       -0.040739       -0.009687        0.011351        0.000073        0.010736               0               0
eps_eta                    -1.234660       -0.094230       -1.138600       -0.481608       -2.788219       -0.455511               0               0


THEORETICAL MOMENTS
VARIABLE         MEAN  STD. DEV.   VARIANCE
y              0.7592     3.7073    13.7439
c              0.5321     2.3036     5.3067
iv             0.1465     1.7319     2.9995
l              0.1974     0.1802     0.0325
mc             0.8333     0.0550     0.0030
z              0.2801     1.3677     1.8707
u              0.1801     0.0000     0.0000
pz             0.0512     0.0000     0.0000



VARIANCE DECOMPOSITION (in percent)
        eps_a    eps_g  eps_eta
y       99.92     0.08     0.00
c       99.29     0.71     0.00
iv      99.97     0.03     0.00
l       92.41     7.59     0.00
mc      99.97     0.03     0.00
z       99.92     0.08     0.00
u       99.92     0.08     0.00
pz      99.92     0.08     0.00



MATRIX OF CORRELATIONS
Variables         y       c      iv       l      mc       z
y            1.0000  0.9336  0.8903  0.4894  0.7744  1.0000
c            0.9336  1.0000  0.6812  0.1444  0.5080  0.9336
iv           0.8903  0.6812  1.0000  0.8020  0.9766  0.8903
l            0.4894  0.1444  0.8020  1.0000  0.9038  0.4894
mc           0.7744  0.5080  0.9766  0.9038  1.0000  0.7744
z            1.0000  0.9336  0.8903  0.4894  0.7744  1.0000



COEFFICIENTS OF AUTOCORRELATION
Order          1       2       3       4       5
y         0.9669  0.9347  0.9033  0.8729  0.8432
c         0.9919  0.9822  0.9712  0.9590  0.9458
iv        0.9249  0.8548  0.7892  0.7280  0.6708
l         0.9113  0.8288  0.7522  0.6810  0.6150
mc        0.9116  0.8293  0.7529  0.6818  0.6159
z         0.9669  0.9347  0.9033  0.8729  0.8432
Total computing time : 0h00m00s
