Starting Dynare (version 5.4).
Calling Dynare with arguments: none
Starting preprocessing of the model file ...
Reading ann_dio_2015_calib_no_policy.inc.
Found 28 equation(s).
Evaluating expressions...done
Computing static model derivatives (order 1).
Computing dynamic model derivatives (order 1).
Processing outputs ...
done
Preprocessing completed.


STEADY-STATE RESULTS:

a       		 1.24801
c       		 0.544622
ca_y    		 0
dp      		 1
g       		 0.0794823
iv      		 0.153927
k       		 6.15708
l       		 0.2
m       		 800
mc      		 0.833333
pstar   		 1
pz      		 0
rnom    		 1.0101
rk      		 0.035101
t       		 0.0794823
u       		 0
w       		 2.1612
x       		 4.62321
y       		 0.778031
z       		 0.350114
eta     		 1
Gamma_m 		 0.00543132
Theta   		 5.54785
pie     		 1
Psi     		 0.833333
Omega   		 0
q       		 1
welf    		 -100.449

MODEL SUMMARY

  Number of variables:         28
  Number of stochastic shocks: 3
  Number of state variables:   6
  Number of jumpers:           9
  Number of static variables:  13


MATRIX OF COVARIANCE OF EXOGENOUS SHOCKS
Variables       eps_a     eps_g   eps_eta
eps_a        1.000000  0.000000  0.000000
eps_g        0.000000  1.000000  0.000000
eps_eta      0.000000  0.000000  0.000000

POLICY AND TRANSITION FUNCTIONS
                                   y               c              iv               l              mc               z               u              pz
Constant                    0.778031        0.544622        0.153927        0.200000        0.833333        0.350114               0               0
a(-1)                       0.739986        0.218942        0.521044        0.056968        0.017156        0.332994               0               0
dp(-1)                     -0.808398       -0.110014       -0.698384       -0.086710       -0.025056       -0.101194               0               0
g(-1)                       0.354277       -0.495418       -0.120305        0.136606        0.000878        0.159425               0               0
k(-1)                       0.027931        0.048650       -0.020719       -0.005471       -0.001071        0.012569               0               0
m(-1)                      -0.000014       -0.000007       -0.000007               0               0       -0.000006               0               0
eta(-1)                    -0.185772       -0.013866       -0.171906       -0.071632       -0.419174       -0.083598               0               0
eps_a                       0.972114        0.287623        0.684491        0.074839        0.022538        0.437451               0               0
eps_g                       0.029030       -0.040595       -0.009858        0.011194        0.000072        0.013063               0               0
eps_eta                    -1.238482       -0.092441       -1.146041       -0.477547       -2.794493       -0.557317               0               0


THEORETICAL MOMENTS
VARIABLE         MEAN  STD. DEV.   VARIANCE
y              0.7780     3.7988    14.4307
c              0.5446     2.3405     5.4779
iv             0.1539     1.8035     3.2526
l              0.2000     0.1850     0.0342
mc             0.8333     0.0550     0.0030
z              0.3501     1.7094     2.9222
u              0.0000     0.0000     0.0000
pz             0.0000     0.0000     0.0000



VARIANCE DECOMPOSITION (in percent)
        eps_a    eps_g  eps_eta
y       99.92     0.08     0.00
c       99.31     0.69     0.00
iv      99.97     0.03     0.00
l       92.99     7.01     0.00
mc      99.97     0.03     0.00
z       99.92     0.08     0.00
u         NaN      NaN      NaN
pz      97.80     2.20     0.00



MATRIX OF CORRELATIONS
Variables         y       c      iv       l      mc       z
y            1.0000  0.9318  0.8922  0.5024  0.7783  1.0000
c            0.9318  1.0000  0.6798  0.1542  0.5082  0.9318
iv           0.8922  0.6798  1.0000  0.8102  0.9771  0.8922
l            0.5024  0.1542  0.8102  1.0000  0.9091  0.5024
mc           0.7783  0.5082  0.9771  0.9091  1.0000  0.7783
z            1.0000  0.9318  0.8922  0.5024  0.7783  1.0000



COEFFICIENTS OF AUTOCORRELATION
Order          1       2       3       4       5
y         0.9667  0.9342  0.9027  0.8721  0.8423
c         0.9920  0.9825  0.9716  0.9596  0.9465
iv        0.9251  0.8551  0.7897  0.7286  0.6715
l         0.9109  0.8280  0.7510  0.6795  0.6132
mc        0.9118  0.8298  0.7536  0.6828  0.6170
z         0.9667  0.9342  0.9027  0.8721  0.8423
Total computing time : 0h00m00s
