Starting Dynare (version 5.4).
Calling Dynare with arguments: none
Starting preprocessing of the model file ...
Reading ann_dio_2015_calib_environmental_policy.inc.
Found 28 equation(s).
Evaluating expressions...done
Computing static model derivatives (order 1).
Computing dynamic model derivatives (order 1).
Processing outputs ...
done
Preprocessing completed.


STEADY-STATE RESULTS:

a       		 1.24801
c       		 0.532052
ca_y    		 0.0014825
dp      		 1
g       		 0.0794823
iv      		 0.146526
k       		 5.86106
l       		 0.197425
m       		 766.656
mc      		 0.833333
pstar   		 1
pz      		 0.0512065
rnom    		 1.0101
rk      		 0.035101
t       		 0.0651398
u       		 0.180142
w       		 2.08413
x       		 4.5049
y       		 0.759186
z       		 0.280091
eta     		 1
Gamma_m 		 0.00488866
Theta   		 5.54137
pie     		 1
Psi     		 0.812959
Omega   		 0.112902
q       		 1
welf    		 -101.769

MODEL SUMMARY

  Number of variables:         28
  Number of stochastic shocks: 3
  Number of state variables:   6
  Number of jumpers:           9
  Number of static variables:  13


MATRIX OF COVARIANCE OF EXOGENOUS SHOCKS
Variables       eps_a     eps_g   eps_eta
eps_a        1.000000  0.000000  0.000000
eps_g        0.000000  1.000000  0.000000
eps_eta      0.000000  0.000000  0.000000

POLICY AND TRANSITION FUNCTIONS
                                   y               c              iv               l              mc               z               u              pz
Constant                    0.759186        0.532052        0.146526        0.197425        0.833333        0.280091        0.180142        0.051207
a(-1)                       0.653984        0.220281        0.420379        0.029677        0.014007               0        0.706249        0.361360
dp(-1)                     -0.767938       -0.109465       -0.654428       -0.077448       -0.023236               0       -0.214415       -0.109708
g(-1)                       0.322867       -0.496145       -0.157566        0.125941       -0.000804               0        0.348670        0.178401
k(-1)                       0.026207        0.049716       -0.024042       -0.006619       -0.001271               0        0.028302        0.014481
m(-1)                      -0.000012       -0.000007       -0.000005               0               0               0       -0.000013       -0.000007
eta(-1)                    -0.170701       -0.012803       -0.154420       -0.066586       -0.419946               0       -0.184343       -0.094321
eps_a                       0.859134        0.289381        0.552249        0.038987        0.018401               0        0.927793        0.474716
eps_g                       0.026456       -0.040654       -0.012911        0.010320       -0.000066               0        0.028570        0.014618
eps_eta                    -1.138009       -0.085355       -1.029468       -0.443905       -2.799637               0       -1.228955       -0.628809


THEORETICAL MOMENTS
VARIABLE         MEAN  STD. DEV.   VARIANCE
y              0.7592     3.2450    10.5300
c              0.5321     2.0236     4.0950
iv             0.1465     1.4222     2.0226
l              0.1974     0.1314     0.0173
mc             0.8333     0.0437     0.0019
z              0.2801     0.0000     0.0000
u              0.1801     3.5043    12.2803
pz             0.0512     1.7930     3.2150



VARIANCE DECOMPOSITION (in percent)
        eps_a    eps_g  eps_eta
y       99.92     0.08     0.00
c       99.00     1.00     0.00
iv      99.92     0.08     0.00
l       87.22    12.78     0.00
mc      99.96     0.04     0.00
z       97.24     2.76     0.00
u       99.92     0.08     0.00
pz      99.92     0.08     0.00



MATRIX OF CORRELATIONS
Variables          y        c       iv        l       mc        u       pz
y             1.0000   0.9401   0.8911  -0.0560   0.7530   1.0000   1.0000
c             0.9401   1.0000   0.7012  -0.3930   0.5003   0.9401   0.9401
iv            0.8911   0.7012   1.0000   0.3520   0.9681   0.8911   0.8911
l            -0.0560  -0.3930   0.3520   1.0000   0.5682  -0.0560  -0.0560
mc            0.7530   0.5003   0.9681   0.5682   1.0000   0.7530   0.7530
u             1.0000   0.9401   0.8911  -0.0560   0.7530   1.0000   1.0000
pz            1.0000   0.9401   0.8911  -0.0560   0.7530   1.0000   1.0000



COEFFICIENTS OF AUTOCORRELATION
Order          1       2       3       4       5
y         0.9643  0.9296  0.8961  0.8636  0.8321
c         0.9893  0.9773  0.9640  0.9496  0.9343
iv        0.9214  0.8482  0.7800  0.7164  0.6572
l         0.9475  0.8977  0.8506  0.8061  0.7639
mc        0.9065  0.8198  0.7395  0.6651  0.5963
u         0.9643  0.9296  0.8961  0.8636  0.8321
pz        0.9643  0.9296  0.8961  0.8636  0.8321
Total computing time : 0h00m00s
