Starting Dynare (version 5.4).
Calling Dynare with arguments: none
Starting preprocessing of the model file ...
Reading _calib_environmental_policy.inc.
Found 28 equation(s).
Evaluating expressions...done
Computing static model derivatives (order 1).
Computing dynamic model derivatives (order 2).
Processing outputs ...
done
Preprocessing completed.


STEADY-STATE RESULTS:

a       		 1.24801
c       		 0.532052
ca_y    		 0.0014825
dp      		 1
g       		 0.0794823
iv      		 0.146526
k       		 5.86106
l       		 0.197425
m       		 766.656
mc      		 0.833333
pstar   		 1
pz      		 0.0512065
rnom    		 1.0101
rk      		 0.035101
t       		 0.0651398
u       		 0.180142
w       		 2.08413
x       		 4.5049
y       		 0.759186
z       		 0.280091
eta     		 1
Gamma_m 		 0.00488866
Theta   		 5.54137
pie     		 1
Psi     		 0.812959
Omega   		 0.112902
q       		 1
welf    		 -101.769

MODEL SUMMARY

  Number of variables:         28
  Number of stochastic shocks: 3
  Number of state variables:   6
  Number of jumpers:           9
  Number of static variables:  13


MATRIX OF COVARIANCE OF EXOGENOUS SHOCKS
Variables       eps_a     eps_g   eps_eta
eps_a        0.000020  0.000000  0.000000
eps_g        0.000000  0.000028  0.000000
eps_eta      0.000000  0.000000  0.000006

POLICY AND TRANSITION FUNCTIONS
                                   y               c              iv               l              mc               z               u              pz
Constant                    0.759152        0.532049        0.146496        0.197411        0.833249        0.280091        0.180105        0.051188
(correction)               -0.000034       -0.000003       -0.000031       -0.000013       -0.000084               0       -0.000037       -0.000019
a(-1)                       0.653984        0.220281        0.420379        0.029677        0.014007               0        0.706249        0.361360
dp(-1)                     -0.767938       -0.109465       -0.654428       -0.077448       -0.023236               0       -0.214415       -0.109708
g(-1)                       0.322867       -0.496145       -0.157566        0.125941       -0.000804               0        0.348670        0.178401
k(-1)                       0.026207        0.049716       -0.024042       -0.006619       -0.001271               0        0.028302        0.014481
m(-1)                      -0.000012       -0.000007       -0.000005               0               0               0       -0.000013       -0.000007
eta(-1)                    -0.170701       -0.012803       -0.154420       -0.066586       -0.419946               0       -0.184343       -0.094321
eps_a                       0.859134        0.289381        0.552249        0.038987        0.018401               0        0.927793        0.474716
eps_g                       0.026456       -0.040654       -0.012911        0.010320       -0.000066               0        0.028570        0.014618
eps_eta                    -1.138009       -0.085355       -1.029468       -0.443905       -2.799637               0       -1.228955       -0.628809
a(-1),a(-1)                -0.067329        0.014957       -0.130172       -0.043397       -0.016932               0       -0.680546        0.218477
dp(-1),a(-1)               -0.465944       -0.253039       -0.169923        0.075946        0.180559               0        0.427192       -0.125511
dp(-1),dp(-1)               0.474493        0.189626        0.269469       -0.039364       -0.288603               0       -0.179075       -0.039394
g(-1),a(-1)                 0.109723       -0.002324        0.070989       -0.046451        0.020828               0       -0.481366        0.313242
g(-1),dp(-1)               -0.336575        0.022295       -0.350935       -0.044501       -0.097913               0        0.104765       -0.116270
g(-1),g(-1)                -0.350205        0.847803       -1.019239       -0.123095       -0.013748               0       -0.526144       -0.131088
k(-1),a(-1)                 0.032988       -0.001481        0.031627        0.002964       -0.001668               0       -0.013420        0.038552
k(-1),dp(-1)               -0.039435        0.021084       -0.060955       -0.005382       -0.010625               0       -0.014687       -0.021303
k(-1),g(-1)                -0.015487       -0.008757       -0.008629       -0.014691       -0.001438               0       -0.041018        0.001435
k(-1),k(-1)                -0.002394       -0.001092       -0.001400        0.000451        0.000234               0       -0.003525       -0.000894
m(-1),a(-1)                -0.000008       -0.000004       -0.000002               0               0               0        0.000014       -0.000014
m(-1),dp(-1)                0.000010        0.000004        0.000005       -0.000001       -0.000001               0       -0.000006        0.000003
m(-1),g(-1)                        0               0               0        0.000002               0               0        0.000011       -0.000005
eta(-1),a(-1)              -0.048956       -0.045456        0.024529        0.025941        0.155807               0        0.258329       -0.163653
eta(-1),dp(-1)              0.158976        0.093630        0.054797       -0.045394       -0.465878               0       -0.246201       -0.036158
eta(-1),g(-1)              -0.131068        0.012088       -0.130712       -0.067085       -0.145409               0        0.010269       -0.140795
eta(-1),k(-1)              -0.011031        0.004723       -0.015134        0.000829        0.003417               0        0.002478       -0.010587
eta(-1),m(-1)               0.000002               0        0.000001               0               0               0       -0.000003        0.000004
eta(-1),eta(-1)             0.107123        0.013874        0.086980        0.052298        0.384148               0        0.092975        0.086180
eps_a,eps_a                 0.335980        0.178118        0.066007       -0.054375       -0.019536               0       -0.686166        0.626896
eps_g,eps_a                 0.011811       -0.000250        0.007642       -0.005000        0.002242               0       -0.051816        0.033719
eps_g,eps_g                 0.011286       -0.015264       -0.013499        0.004493       -0.000126               0        0.011194        0.006655
eps_eta,eps_a              -0.428758       -0.398105        0.214826        0.227194        1.364550               0        2.262429       -1.433267
eps_eta,eps_g              -0.071598        0.006603       -0.071404       -0.036646       -0.079432               0        0.005610       -0.076912
eps_eta,eps_eta             0.967647        0.332102        0.434207        0.844653        7.741118               0        0.035700        1.734196
a(-1),eps_a                 0.511505        0.271172        0.100491       -0.082783       -0.029742               0       -1.044637        0.954402
a(-1),eps_g                 0.008991       -0.000190        0.005817       -0.003806        0.001707               0       -0.039443        0.025667
a(-1),eps_eta              -0.326376       -0.303043        0.163529        0.172943        1.038713               0        1.722191       -1.091022
dp(-1),eps_a               -0.612107       -0.332415       -0.223227        0.099770        0.237199               0        0.561199       -0.164882
dp(-1),eps_g               -0.027579        0.001827       -0.028756       -0.003646       -0.008023               0        0.008585       -0.009527
dp(-1),eps_eta              1.059841        0.624201        0.365313       -0.302627       -3.105853               0       -1.641338       -0.241055
g(-1),eps_a                 0.144142       -0.003054        0.093258       -0.061022        0.027362               0       -0.632366        0.411503
g(-1),eps_g                 0.275461       -0.372551       -0.329473        0.109663       -0.003082               0        0.273228        0.162436
g(-1),eps_eta              -0.873785        0.080585       -0.871417       -0.447233       -0.969390               0        0.068459       -0.938633
k(-1),eps_a                 0.043336       -0.001945        0.041548        0.003893       -0.002191               0       -0.017630        0.050645
k(-1),eps_g                -0.001269       -0.000718       -0.000707       -0.001204       -0.000118               0       -0.003361        0.000118
k(-1),eps_eta              -0.073541        0.031489       -0.100891        0.005526        0.022778               0        0.016518       -0.070581
m(-1),eps_a                -0.000010       -0.000006       -0.000002        0.000001               0               0        0.000018       -0.000018
m(-1),eps_eta               0.000015        0.000005        0.000007               0               0               0       -0.000021        0.000025
eta(-1),eps_a              -0.064314       -0.059716        0.032224        0.034079        0.204682               0        0.339364       -0.214990
eta(-1),eps_g              -0.010740        0.000990       -0.010711       -0.005497       -0.011915               0        0.000841       -0.011537
eta(-1),eps_eta             0.290294        0.099631        0.130262        0.253396        2.322335               0        0.010710        0.520259


THEORETICAL MOMENTS BASED ON PRUNED STATE SPACE
VARIABLE         MEAN  STD. DEV.   VARIANCE
y              0.7592     0.0149     0.0002
c              0.5321     0.0091     0.0001
iv             0.1465     0.0069     0.0000
l              0.1974     0.0012     0.0000
mc             0.8333     0.0068     0.0000
z              0.2801     0.0000     0.0000
u              0.1799     0.0161     0.0003
pz             0.0514     0.0082     0.0001



MATRIX OF CORRELATIONS BASED ON PRUNED STATE SPACE
Variables          y        c       iv        l       mc        z        u       pz
y             1.0000   0.9245   0.8819   0.1369   0.2078      NaN   0.9996   0.9997
c             0.9245   1.0000   0.6591  -0.1748   0.0393      NaN   0.9243   0.9242
iv            0.8819   0.6591   1.0000   0.4720   0.3881      NaN   0.8816   0.8817
l             0.1369  -0.1748   0.4720   1.0000   0.8776      NaN   0.1371   0.1366
mc            0.2078   0.0393   0.3881   0.8776   1.0000      NaN   0.2079   0.2076
z                NaN      NaN      NaN      NaN      NaN      NaN      NaN      NaN
u             0.9996   0.9243   0.8816   0.1371   0.2079      NaN   1.0000   0.9987
pz            0.9997   0.9242   0.8817   0.1366   0.2076      NaN   0.9987   1.0000



COEFFICIENTS OF AUTOCORRELATION BASED ON PRUNED STATE SPACE
Order          1       2       3       4       5
y         0.9369  0.8991  0.8660  0.8344  0.8040
c         0.9890  0.9768  0.9634  0.9489  0.9335
iv        0.8167  0.7360  0.6743  0.6189  0.5677
l         0.3309  0.2213  0.1960  0.1839  0.1742
mc        0.1501  0.0226  0.0034  0.0005  0.0001
u         0.9368  0.8991  0.8659  0.8344  0.8039
pz        0.9368  0.8990  0.8659  0.8343  0.8038
Total computing time : 0h00m01s
